0 info it worked if it ends with ok
1 verbose cli [ 'node', '/usr/local/bin/npm', 'publish' ]
2 info using npm@3.3.11
3 info using node@v0.10.31
4 verbose node symlink /usr/local/bin/node
5 verbose publish [ '.' ]
6 silly cache add args [ '.', null ]
7 verbose cache add spec .
8 silly cache add parsed spec { raw: '.',
8 silly cache add   scope: null,
8 silly cache add   name: null,
8 silly cache add   rawSpec: '.',
8 silly cache add   spec: '/Users/scott/Sites/ajax-include',
8 silly cache add   type: 'directory' }
9 verbose addLocalDirectory /Users/scott/.npm/ajaxInclude/0.1.4/package.tgz not in flight; packing
10 info lifecycle ajaxInclude@0.1.4~prepublish: ajaxInclude@0.1.4
11 silly lifecycle ajaxInclude@0.1.4~prepublish: no script for prepublish, continuing
12 verbose tar pack [ '/Users/scott/.npm/ajaxInclude/0.1.4/package.tgz',
12 verbose tar pack   '/Users/scott/Sites/ajax-include' ]
13 verbose tarball /Users/scott/.npm/ajaxInclude/0.1.4/package.tgz
14 verbose folder /Users/scott/Sites/ajax-include
15 verbose addLocalTarball adding from inside cache /Users/scott/.npm/ajaxInclude/0.1.4/package.tgz
16 silly cache afterAdd ajaxInclude@0.1.4
17 verbose afterAdd /Users/scott/.npm/ajaxInclude/0.1.4/package/package.json not in flight; writing
18 verbose afterAdd /Users/scott/.npm/ajaxInclude/0.1.4/package/package.json written
19 silly publish { name: 'ajaxInclude',
19 silly publish   title: 'Ajax-Include',
19 silly publish   description: 'An Ajax-Include Pattern for Modular Content',
19 silly publish   version: '0.1.4',
19 silly publish   homepage: 'http://filamentgroup.com/lab/ajax_includes_modular_content/',
19 silly publish   author:
19 silly publish    { name: '@scottjehl, Filament Group, Inc.',
19 silly publish      email: 'scott@scottjehl.com' },
19 silly publish   repository:
19 silly publish    { type: 'git',
19 silly publish      url: 'git+https://github.com/filamentgroup/Ajax-Include-Pattern.git' },
19 silly publish   bugs: { url: 'https://github.com/filamentgroup/Ajax-Include-Pattern/issues' },
19 silly publish   licenses:
19 silly publish    [ { type: 'MIT',
19 silly publish        url: 'http://filamentgroup.com/lab/ajax_includes_modular_content//blob/master/LICENSE-MIT' } ],
19 silly publish   main: 'dist/ajaxInclude.js',
19 silly publish   engines: { node: '>0.6' },
19 silly publish   scripts: { test: 'grunt travis --verbose' },
19 silly publish   dependencies: { jquery: '^1.11.2' },
19 silly publish   devDependencies: { grunt: '~0.3.17', qunitjs: '^1.17.1' },
19 silly publish   keywords: [],
19 silly publish   readme: '# Ajax-include pattern \n\n[![Filament Group](http://filamentgroup.com/images/fg-logo-positive-sm-crop.png) ](http://www.filamentgroup.com/)\n\n© 2012, Scott Jehl, Filament Group, Inc. Original idea from Scott Gonzalez :)\n\n[![Build Status](https://travis-ci.org/filamentgroup/Ajax-Include-Pattern.png)](http://travis-ci.org/filamentgroup/Ajax-Include-Pattern)\n\n## Getting Started\nDownload the [production version][min] or the [development version][max].\n\n[min]: https://raw.github.com/filamentgroup/Ajax-Include-Pattern/master/dist/ajaxInclude.min.js\n[max]: https://raw.github.com/filamentgroup/Ajax-Include-Pattern/master/dist/ajaxInclude.js\n\n## How-to\nTo use, add attributes to elements in your page where non-essential fragments of content can be included from an external URL, using jQuery-api-like qualifiers like data-after, data-before, data-append, and data-replace:\n\nReplace:\n\n    <a href="..." data-replace="articles/latest/fragment">Latest Articles</a>\n\nBefore:\n\n    <a href="..." data-before="articles/latest/fragment">Latest Articles</a>\n\nAfter:\n\n    <a href="..." data-after="articles/latest/fragment">Latest Articles</a>\n\nAppend:\n\n    <a href="..." data-append="articles/latest/fragment">Latest Articles</a>\n\n\nNote: these attributes can be placed on any element, not just anchors.\n\n\nOnce the DOM is ready, you can apply the plugin like this: \n\n    $("[data-append],[data-replace],[data-after],[data-before]").ajaxInclude();\n\t\n### media-qualified includes\n\nTo include content based on a particular CSS3 Media Query, you can add a `data-media` attribute to the element that already has one of the ajax-include data attributes specified above, and give that attribute a value of any CSS3 media query. The content of that include will only be requested and inserted into the page if and when that media query is valid (which could happen at page load or later on, after an orientation change or resize for example).\n\nInclude the referenced fragment at viewport widths of 30em and up:\n\n    <a href="..." data-append="articles/latest/fragment" data-media="(min-width: 30em)">Latest Articles</a>\n\n\n### HijaxInclude\n\nTo include content when a user clicks on a link or submits a form, use the `data-interaction` attribute.  `data-interaction` will block ajaxInclude from executing on this element until you explicitly remove it and subsequently call `ajaxInclude()`.\n\n    <a href="articles/latest/fragment" data-replace data-interaction>Latest Articles</a>\n\n\n    $( "a[data-interaction]" ).bind( "click", function() {\n      $( this ).removeAttr( "data-interaction" ).ajaxInclude();\n      return false;\n    });\n\nSee also: [HijaxInclude with forms](README-plugins.md).\n\n### Targeting a separate element.\n\nTo include content on a separate element, include a CSS selector to select a new element in the `data-target` attribute.  The following example appends the fragment inside of `#my-new-target` rather than inside of the `<a>`.\n\n    <a href="..." data-append="articles/latest/fragment" data-target="#my-new-target">Latest Articles</a>\n\n## Demos\n\nTo view some demos, you can visit the following page in your browser, or clone down this repo and browse to the `test/functional/` directory (you\'ll need to be running a local web server for the ajax to work in most browsers).\n\n[Ajax-Include Demos](http://filamentgroup.github.com/Ajax-Include-Pattern/test/functional/)\n\n(Note that the proxy demo page will not work at the above URL because it needs to be run on a web server with PHP support.)\n\n## Optional Proxy\n\nTo use the proxy and include all ajax includes in one call, just pass in a URL that is ready to accept a list of files, such as the included `quickconcat.php` file in the root of this demo, as an argument to the `ajaxInclude` method. Note that `quickconcat.php` is from the external project, [quickconcat](https://github.com/filamentgroup/quickconcat) - check out that project for usage examples.\n\n    $("[data-append],[data-replace],[data-after],[data-before]").ajaxInclude( { proxy: "quickconcat.php?wrap&files=" } );\n\nNote: in prior versions, ajaxInclude supported a single string argument for the proxy url. This is currently deprecated and will be removed in an upcoming version.\n\n## Browser Support\n\nAjax-Include works in most modern and semi-modern browsers, even IE6. That said, the `data-media` feature will only work in media-query supporting browsers, and for broad compatibility within media-query supporting browsers, it\'s recommended that you include the MatchMedia polyfill and MatchMedia `addListener` polyfill. Both can be found in the `libs/` directory, or at [the matchMedia polyfill project on Github](https://github.com/paulirish/matchMedia.js/). To see how these are used alongside ajaxInclude, check out the source of any of the demo pages.\n\n## Unit Tests\n\nThe unit test suite can be run via `tests/ajaxInclude.html`, or on the Github site [here](http://filamentgroup.github.com/Ajax-Include-Pattern/test/functional/). Note that the unit tests for the optional proxy noted above will only run on a php-supporting web server.\n\n## Contributing\nIn lieu of a formal styleguide, take care to maintain the existing coding style. Add unit tests for any new or changed functionality. Lint and test your code using [grunt](https://github.com/cowboy/grunt).\n\n_Also, please don\'t edit files in the "dist" subdirectory as they are generated via grunt. You\'ll find source code in the "src" subdirectory!_\n\n## Release History\n- 03.28.2012: [Initial alpha release](http://filamentgroup.com/lab/ajax_includes_modular_content/)\n\n\n## License\nCopyright (c) 2012 @scottjehl, Filament Group, Inc.  \nLicensed under the MIT license.\n',
19 silly publish   readmeFilename: 'README.md',
19 silly publish   gitHead: '37a87fc58c87919d1811bc47a839a3deb35b52df',
19 silly publish   _id: 'ajaxInclude@0.1.4',
19 silly publish   _shasum: '385dffcd6236f3431e2920bd26a015da32bd22b0',
19 silly publish   _from: '.' }
20 verbose getPublishConfig undefined
21 silly mapToRegistry name ajaxInclude
22 silly mapToRegistry using default registry
23 silly mapToRegistry registry https://registry.npmjs.org/
24 silly mapToRegistry uri https://registry.npmjs.org/ajaxInclude
25 verbose publish registryBase https://registry.npmjs.org/
26 silly publish uploading /Users/scott/.npm/ajaxInclude/0.1.4/package.tgz
27 verbose request uri https://registry.npmjs.org/ajaxInclude
28 verbose request sending authorization for write operation
29 info attempt registry request try #1 at 16:20:58
30 verbose request using bearer token for auth
31 verbose request id 1ec703330d6c0456
32 http request PUT https://registry.npmjs.org/ajaxInclude
33 http 400 https://registry.npmjs.org/ajaxInclude
34 verbose headers { 'content-type': 'application/json',
34 verbose headers   'cache-control': 'max-age=60',
34 verbose headers   'content-length': '54',
34 verbose headers   'accept-ranges': 'bytes',
34 verbose headers   date: 'Wed, 09 Dec 2015 22:21:00 GMT',
34 verbose headers   via: '1.1 varnish',
34 verbose headers   connection: 'keep-alive',
34 verbose headers   'x-served-by': 'cache-atl6226-ATL',
34 verbose headers   'x-cache': 'MISS',
34 verbose headers   'x-cache-hits': '0',
34 verbose headers   'x-timer': 'S1449699659.433209,VS0,VE1296' }
35 verbose request invalidating /Users/scott/.npm/registry.npmjs.org/ajaxInclude on PUT
36 error publish Failed PUT 400
37 verbose stack Error: name can no longer contain capital letters : ajaxInclude
37 verbose stack     at makeError (/usr/local/lib/node_modules/npm/node_modules/npm-registry-client/lib/request.js:264:12)
37 verbose stack     at CachingRegistryClient.<anonymous> (/usr/local/lib/node_modules/npm/node_modules/npm-registry-client/lib/request.js:252:14)
37 verbose stack     at Request._callback (/usr/local/lib/node_modules/npm/node_modules/npm-registry-client/lib/request.js:172:14)
37 verbose stack     at Request.self.callback (/usr/local/lib/node_modules/npm/node_modules/request/request.js:198:22)
37 verbose stack     at Request.emit (events.js:98:17)
37 verbose stack     at Request.<anonymous> (/usr/local/lib/node_modules/npm/node_modules/request/request.js:1082:10)
37 verbose stack     at Request.emit (events.js:117:20)
37 verbose stack     at IncomingMessage.<anonymous> (/usr/local/lib/node_modules/npm/node_modules/request/request.js:1009:12)
37 verbose stack     at IncomingMessage.emit (events.js:117:20)
37 verbose stack     at _stream_readable.js:943:16
38 verbose statusCode 400
39 verbose pkgid ajaxInclude
40 verbose cwd /Users/scott/Sites/ajax-include
41 error Darwin 14.5.0
42 error argv "node" "/usr/local/bin/npm" "publish"
43 error node v0.10.31
44 error npm  v3.3.11
45 error code E400
46 error name can no longer contain capital letters : ajaxInclude
47 error If you need help, you may report this error at:
47 error     <https://github.com/npm/npm/issues>
48 verbose exit [ 1, true ]
